2024-12-12 13:56:45,377 - INFO - Pixabay图片爬虫开始
2024-12-12 13:56:45,377 - INFO - 开始清理页面
2024-12-12 13:56:45,377 - INFO - 开始清理端口占用，端口: 11001
2024-12-12 13:56:45,377 - INFO - 关闭端口进程，端口: 11001
2024-12-12 13:56:45,380 - INFO - 启动Chrome进程，命令: "C:\Users\Lenovo\AppData\Local\Google\Chrome\Application\chrome.exe" --remote-debugging-port=11001
2024-12-12 13:56:45,387 - INFO - 等待Chrome进程启动
2024-12-12 13:56:50,402 - ERROR - Chrome:11001进程启动失败
2024-12-12 13:56:50,402 - INFO - 清理页面
2024-12-12 13:56:50,403 - INFO - 清理端口占用，端口: 11001
2024-12-12 13:56:50,403 - INFO - 关闭端口进程，端口: 11001
2024-12-12 13:56:50,509 - INFO - Pixabay图片爬虫开始
2024-12-12 13:56:50,509 - INFO - 开始清理页面
2024-12-12 13:56:50,509 - INFO - 开始清理端口占用，端口: 11001
2024-12-12 13:56:50,509 - INFO - 关闭端口进程，端口: 11001
2024-12-12 13:56:50,511 - INFO - 启动Chrome进程，命令: "C:\Users\Lenovo\AppData\Local\Google\Chrome\Application\chrome.exe" --remote-debugging-port=11001
2024-12-12 13:56:50,514 - INFO - 等待Chrome进程启动
2024-12-12 13:56:55,515 - INFO - Chrome:11001进程成功启动
2024-12-12 13:56:55,515 - INFO - 数据库查询最新页码
2024-12-12 13:56:55,515 - INFO - 
        SELECT COUNT(*)
        FROM information_schema.tables
        WHERE table_schema = DATABASE()
        AND table_name = picture_page_used
    
2024-12-12 13:56:55,540 - INFO - 
        SELECT *
        FROM `picture_page_used`
     ORDER BY id desc limit 1
2024-12-12 13:56:55,543 - INFO - 最新页码:4
2024-12-12 13:56:55,665 - INFO - 清理页面
2024-12-12 13:56:55,665 - INFO - 清理端口占用，端口: 11001
2024-12-12 13:56:55,665 - INFO - 关闭端口进程，端口: 11001
2024-12-12 13:56:55,667 - INFO - Killing process 5536 using port 11001
2024-12-12 13:56:55,667 - INFO - Process 5536 killed successfully.
2024-12-12 13:56:55,791 - ERROR - Task exception was never retrieved
future: <Task finished name='Task-11' coro=<Connection.run.<locals>.init() done, defined at D:\anaconda3\envs\pyside2\lib\site-packages\playwright\_impl\_connection.py:273> exception=KeyboardInterrupt()>
Traceback (most recent call last):
  File "D:\pythonwork\PyOneDark_Auto_GUI\modules\zhihu_auto\api\resource\picture_pixabay_spider.py", line 228, in <module>
    asyncio.run(PicturePixabaySpider.main_spider())
  File "D:\anaconda3\envs\pyside2\lib\asyncio\runners.py", line 44, in run
    return loop.run_until_complete(main)
  File "D:\anaconda3\envs\pyside2\lib\asyncio\base_events.py", line 636, in run_until_complete
    self.run_forever()
  File "D:\anaconda3\envs\pyside2\lib\asyncio\windows_events.py", line 321, in run_forever
    super().run_forever()
  File "D:\anaconda3\envs\pyside2\lib\asyncio\base_events.py", line 603, in run_forever
    self._run_once()
  File "D:\anaconda3\envs\pyside2\lib\asyncio\base_events.py", line 1906, in _run_once
    handle._run()
  File "D:\anaconda3\envs\pyside2\lib\asyncio\events.py", line 80, in _run
    self._context.run(self._callback, *self._args)
  File "D:\anaconda3\envs\pyside2\lib\site-packages\playwright\_impl\_connection.py", line 274, in init
    self.playwright_future.set_result(await self._root_object.initialize())
  File "D:\anaconda3\envs\pyside2\lib\site-packages\playwright\_impl\_connection.py", line 216, in initialize
    await self._channel.send(
  File "D:\anaconda3\envs\pyside2\lib\site-packages\playwright\_impl\_connection.py", line 59, in send
    return await self._connection.wrap_api_call(
  File "D:\anaconda3\envs\pyside2\lib\site-packages\playwright\_impl\_connection.py", line 514, in wrap_api_call
    st: List[inspect.FrameInfo] = getattr(task, "__pw_stack__", inspect.stack())
  File "D:\anaconda3\envs\pyside2\lib\inspect.py", line 1681, in stack
    return getouterframes(sys._getframe(1), context)
  File "D:\anaconda3\envs\pyside2\lib\inspect.py", line 1658, in getouterframes
    frameinfo = (frame,) + getframeinfo(frame, context)
  File "D:\anaconda3\envs\pyside2\lib\inspect.py", line 1632, in getframeinfo
    lines, lnum = findsource(frame)
  File "D:\anaconda3\envs\pyside2\lib\inspect.py", line 952, in findsource
    module = getmodule(object, file)
  File "D:\anaconda3\envs\pyside2\lib\inspect.py", line 878, in getmodule
    os.path.realpath(f)] = module.__name__
  File "D:\anaconda3\envs\pyside2\lib\ntpath.py", line 686, in realpath
    path = _getfinalpathname(path)
KeyboardInterrupt
